<?xml version="1.0" encoding="UTF-8"?>
<testng-results ignored="0" total="1" passed="1" failed="0" skipped="0">
  <reporter-output>
  </reporter-output>
  <suite started-at="2024-01-03T11:53:54 IST" name="Default suite" finished-at="2024-01-03T11:53:59 IST" duration-ms="4400">
    <groups>
    </groups>
    <test started-at="2024-01-03T11:53:54 IST" name="Default test" finished-at="2024-01-03T11:53:59 IST" duration-ms="4400">
      <class name="flifkart_names">
        <test-method signature="capturenames()[pri:0, instance:flifkart_names@70ed52de]" started-at="2024-01-03T11:53:54 IST" name="capturenames" finished-at="2024-01-03T11:53:59 IST" duration-ms="4366" status="PASS">
          <reporter-output>
          </reporter-output>
        </test-method> <!-- capturenames -->
      </class> <!-- flifkart_names -->
    </test> <!-- Default test -->
  </suite> <!-- Default suite -->
</testng-results>
